<?xml version="1.0" encoding="UTF-8"?>
<robot generator="Robot 6.0.2 (Python 3.11.2 on win32)" generated="20230502 20:07:26.845" rpa="false" schemaversion="3">
<suite id="s1" name="Panelscout Robotframework" source="C:\projects\panelscout_robotframework">
<suite id="s1-s1" name="Test Login Rf" source="C:\projects\panelscout_robotframework\test_login_rf.robot">
<test id="s1-s1-t1" name="Click players button" line="53">
<kw name="Open login page">
<kw name="Open Browser" library="SeleniumLibrary">
<arg>${LOGIN URL}</arg>
<arg>${BROWSER}</arg>
<doc>Opens a new browser instance to the optional ``url``.</doc>
<msg timestamp="20230502 20:07:27.128" level="INFO">Opening browser 'Chrome' to base url 'https://scouts-test.futbolkolektyw.pl/en'.</msg>
<status status="PASS" starttime="20230502 20:07:27.128" endtime="20230502 20:07:28.782"/>
</kw>
<kw name="Title Should Be" library="SeleniumLibrary">
<arg>Scouts panel - sign in</arg>
<doc>Verifies that the current page title equals ``title``.</doc>
<msg timestamp="20230502 20:07:28.790" level="INFO">Page title is 'Scouts panel - sign in'.</msg>
<status status="PASS" starttime="20230502 20:07:28.782" endtime="20230502 20:07:28.790"/>
</kw>
<status status="PASS" starttime="20230502 20:07:27.128" endtime="20230502 20:07:28.790"/>
</kw>
<kw name="Type in email">
<kw name="Input Text" library="SeleniumLibrary">
<arg>${EMAILINPUT}</arg>
<arg>user07@getnada.com</arg>
<doc>Types the given ``text`` into the text field identified by ``locator``.</doc>
<msg timestamp="20230502 20:07:28.790" level="INFO">Typing text 'user07@getnada.com' into text field 'xpath=//*[@id='login']'.</msg>
<status status="PASS" starttime="20230502 20:07:28.790" endtime="20230502 20:07:29.067"/>
</kw>
<status status="PASS" starttime="20230502 20:07:28.790" endtime="20230502 20:07:29.068"/>
</kw>
<kw name="Type in password">
<kw name="Input Text" library="SeleniumLibrary">
<arg>${PASSWORDINPUT}</arg>
<arg>Test-1234</arg>
<doc>Types the given ``text`` into the text field identified by ``locator``.</doc>
<msg timestamp="20230502 20:07:29.072" level="INFO">Typing text 'Test-1234' into text field 'xpath=//*[@id='password']'.</msg>
<status status="PASS" starttime="20230502 20:07:29.071" endtime="20230502 20:07:29.222"/>
</kw>
<status status="PASS" starttime="20230502 20:07:29.069" endtime="20230502 20:07:29.223"/>
</kw>
<kw name="Click on the Sign in button">
<kw name="Click Element" library="SeleniumLibrary">
<arg>${SIGNINBUTTON}</arg>
<doc>Click the element identified by ``locator``.</doc>
<msg timestamp="20230502 20:07:29.224" level="INFO">Clicking element 'xpath=//*[(text()= 'Sign in')]'.</msg>
<status status="PASS" starttime="20230502 20:07:29.223" endtime="20230502 20:07:29.309"/>
</kw>
<status status="PASS" starttime="20230502 20:07:29.223" endtime="20230502 20:07:29.309"/>
</kw>
<kw name="Click on the Players button">
<kw name="Wait Until Element Is Visible" library="SeleniumLibrary">
<arg>${MAINPAGELINK}</arg>
<doc>Waits until the element ``locator`` is visible.</doc>
<status status="PASS" starttime="20230502 20:07:29.309" endtime="20230502 20:07:30.205"/>
</kw>
<kw name="Click Element" library="SeleniumLibrary">
<arg>xpath=//ul[1]//div[@role='button'][2]</arg>
<doc>Click the element identified by ``locator``.</doc>
<msg timestamp="20230502 20:07:30.205" level="INFO">Clicking element 'xpath=//ul[1]//div[@role='button'][2]'.</msg>
<status status="PASS" starttime="20230502 20:07:30.205" endtime="20230502 20:07:30.261"/>
</kw>
<status status="PASS" starttime="20230502 20:07:29.309" endtime="20230502 20:07:30.261"/>
</kw>
<kw name="Assert players page">
<kw name="Wait Until Element Is Visible" library="SeleniumLibrary">
<doc>Waits until the element ``locator`` is visible.</doc>
<msg timestamp="20230502 20:07:30.261" level="FAIL">Keyword 'SeleniumLibrary.Wait Until Element Is Visible' expected 1 to 3 arguments, got 0.</msg>
<status status="FAIL" starttime="20230502 20:07:30.261" endtime="20230502 20:07:30.261"/>
</kw>
<kw name="Title Should Be" library="SeleniumLibrary">
<arg>Players (3543) page 1</arg>
<doc>Verifies that the current page title equals ``title``.</doc>
<status status="NOT RUN" starttime="20230502 20:07:30.261" endtime="20230502 20:07:30.261"/>
</kw>
<kw name="Capture Page Screenshot" library="SeleniumLibrary">
<arg>screenshotplayers.png</arg>
<doc>Takes a screenshot of the current page and embeds it into a log file.</doc>
<status status="NOT RUN" starttime="20230502 20:07:30.261" endtime="20230502 20:07:30.261"/>
</kw>
<status status="FAIL" starttime="20230502 20:07:30.261" endtime="20230502 20:07:30.266"/>
</kw>
<kw name="Close Browser" library="SeleniumLibrary" type="TEARDOWN">
<doc>Closes the current browser.</doc>
<status status="PASS" starttime="20230502 20:07:30.266" endtime="20230502 20:07:32.425"/>
</kw>
<status status="FAIL" starttime="20230502 20:07:27.128" endtime="20230502 20:07:32.425">Keyword 'SeleniumLibrary.Wait Until Element Is Visible' expected 1 to 3 arguments, got 0.</status>
</test>
<doc>Suite description #automated tests for scout website</doc>
<status status="FAIL" starttime="20230502 20:07:26.879" endtime="20230502 20:07:32.425"/>
</suite>
<status status="FAIL" starttime="20230502 20:07:26.845" endtime="20230502 20:07:32.425"/>
</suite>
<statistics>
<total>
<stat pass="0" fail="1" skip="0">All Tests</stat>
</total>
<tag>
</tag>
<suite>
<stat pass="0" fail="1" skip="0" id="s1" name="Panelscout Robotframework">Panelscout Robotframework</stat>
<stat pass="0" fail="1" skip="0" id="s1-s1" name="Test Login Rf">Panelscout Robotframework.Test Login Rf</stat>
</suite>
</statistics>
<errors>
</errors>
</robot>
