<?xml version="1.0" encoding="UTF-8"?>
<robot generator="Robot 6.0.2 (Python 3.11.2 on win32)" generated="20230502 20:23:47.674" rpa="false" schemaversion="3">
<suite id="s1" name="Panelscout Robotframework" source="C:\projects\panelscout_robotframework">
<suite id="s1-s1" name="Test Login Rf" source="C:\projects\panelscout_robotframework\test_login_rf.robot">
<test id="s1-s1-t1" name="Add new player" line="62">
<kw name="Open login page">
<kw name="Open Browser" library="SeleniumLibrary">
<arg>${LOGIN URL}</arg>
<arg>${BROWSER}</arg>
<doc>Opens a new browser instance to the optional ``url``.</doc>
<msg timestamp="20230502 20:23:47.983" level="INFO">Opening browser 'Chrome' to base url 'https://scouts-test.futbolkolektyw.pl/en'.</msg>
<status status="PASS" starttime="20230502 20:23:47.983" endtime="20230502 20:23:49.659"/>
</kw>
<kw name="Title Should Be" library="SeleniumLibrary">
<arg>Scouts panel - sign in</arg>
<doc>Verifies that the current page title equals ``title``.</doc>
<msg timestamp="20230502 20:23:49.666" level="INFO">Page title is 'Scouts panel - sign in'.</msg>
<status status="PASS" starttime="20230502 20:23:49.659" endtime="20230502 20:23:49.666"/>
</kw>
<status status="PASS" starttime="20230502 20:23:47.983" endtime="20230502 20:23:49.666"/>
</kw>
<kw name="Type in email">
<kw name="Input Text" library="SeleniumLibrary">
<arg>${EMAILINPUT}</arg>
<arg>user07@getnada.com</arg>
<doc>Types the given ``text`` into the text field identified by ``locator``.</doc>
<msg timestamp="20230502 20:23:49.668" level="INFO">Typing text 'user07@getnada.com' into text field 'xpath=//*[@id='login']'.</msg>
<status status="PASS" starttime="20230502 20:23:49.668" endtime="20230502 20:23:49.933"/>
</kw>
<status status="PASS" starttime="20230502 20:23:49.668" endtime="20230502 20:23:49.933"/>
</kw>
<kw name="Type in password">
<kw name="Input Text" library="SeleniumLibrary">
<arg>${PASSWORDINPUT}</arg>
<arg>Test-1234</arg>
<doc>Types the given ``text`` into the text field identified by ``locator``.</doc>
<msg timestamp="20230502 20:23:49.935" level="INFO">Typing text 'Test-1234' into text field 'xpath=//*[@id='password']'.</msg>
<status status="PASS" starttime="20230502 20:23:49.934" endtime="20230502 20:23:50.102"/>
</kw>
<status status="PASS" starttime="20230502 20:23:49.934" endtime="20230502 20:23:50.102"/>
</kw>
<kw name="Click on the Sign in button">
<kw name="Click Element" library="SeleniumLibrary">
<arg>${SIGNINBUTTON}</arg>
<doc>Click the element identified by ``locator``.</doc>
<msg timestamp="20230502 20:23:50.103" level="INFO">Clicking element 'xpath=//*[(text()= 'Sign in')]'.</msg>
<status status="PASS" starttime="20230502 20:23:50.103" endtime="20230502 20:23:50.190"/>
</kw>
<status status="PASS" starttime="20230502 20:23:50.102" endtime="20230502 20:23:50.190"/>
</kw>
<kw name="Click on the Add player button">
<kw name="Wait Until Element Is Visible" library="SeleniumLibrary">
<arg>${MAINPAGE}</arg>
<doc>Waits until the element ``locator`` is visible.</doc>
<status status="PASS" starttime="20230502 20:23:50.198" endtime="20230502 20:23:52.364"/>
</kw>
<kw name="Click Element" library="SeleniumLibrary">
<arg>${ADD PLAYER BUTTON}</arg>
<doc>Click the element identified by ``locator``.</doc>
<msg timestamp="20230502 20:23:52.364" level="INFO">Clicking element 'xpath=//a[contains(@href,'add')]'.</msg>
<status status="PASS" starttime="20230502 20:23:52.364" endtime="20230502 20:23:52.410"/>
</kw>
<status status="PASS" starttime="20230502 20:23:50.190" endtime="20230502 20:23:52.410"/>
</kw>
<kw name="Type in name">
<kw name="Wait Until Element Is Visible" library="SeleniumLibrary">
<arg>${FORM TITLE}</arg>
<doc>Waits until the element ``locator`` is visible.</doc>
<status status="PASS" starttime="20230502 20:23:52.418" endtime="20230502 20:23:52.547"/>
</kw>
<kw name="Input Text" library="SeleniumLibrary">
<arg>${PLAYER NAME FIELD}</arg>
<arg>Marek</arg>
<doc>Types the given ``text`` into the text field identified by ``locator``.</doc>
<msg timestamp="20230502 20:23:52.554" level="INFO">Typing text 'Marek' into text field 'xpath=//input[@name='name']'.</msg>
<status status="PASS" starttime="20230502 20:23:52.547" endtime="20230502 20:23:52.717"/>
</kw>
<status status="PASS" starttime="20230502 20:23:52.410" endtime="20230502 20:23:52.717"/>
</kw>
<kw name="Type in surname">
<kw name="Input Text" library="SeleniumLibrary">
<arg>${PLAYER SURNAME FIELD}</arg>
<arg>Nowak</arg>
<doc>Types the given ``text`` into the text field identified by ``locator``.</doc>
<msg timestamp="20230502 20:23:52.717" level="INFO">Typing text 'Nowak' into text field 'xpath=//input[@name='surname']'.</msg>
<status status="PASS" starttime="20230502 20:23:52.717" endtime="20230502 20:23:52.830"/>
</kw>
<status status="PASS" starttime="20230502 20:23:52.717" endtime="20230502 20:23:52.830"/>
</kw>
<kw name="Type in age">
<kw name="Input Text" library="SeleniumLibrary">
<arg>${PLAYER AGE FIELD}</arg>
<arg>21/04/1997</arg>
<doc>Types the given ``text`` into the text field identified by ``locator``.</doc>
<msg timestamp="20230502 20:23:52.830" level="INFO">Typing text '21/04/1997' into text field 'xpath=//input[@name='age']'.</msg>
<status status="PASS" starttime="20230502 20:23:52.830" endtime="20230502 20:23:52.991"/>
</kw>
<status status="PASS" starttime="20230502 20:23:52.830" endtime="20230502 20:23:52.991"/>
</kw>
<kw name="Type in main position">
<kw name="Input Text" library="SeleniumLibrary">
<arg>${PLAYER MAIN POSITION FIELD}</arg>
<arg>Forward</arg>
<doc>Types the given ``text`` into the text field identified by ``locator``.</doc>
<msg timestamp="20230502 20:23:52.991" level="INFO">Typing text 'Forward' into text field 'xpath=//input[@name='mainPosition']'.</msg>
<status status="PASS" starttime="20230502 20:23:52.991" endtime="20230502 20:23:53.168"/>
</kw>
<status status="PASS" starttime="20230502 20:23:52.991" endtime="20230502 20:23:53.168"/>
</kw>
<kw name="Click on the Submit button">
<kw name="Click Element" library="SeleniumLibrary">
<arg>xpath=//*[@id="__next"]/div[1]/main/div[2]/form/div[3]/button[1]/span[1]</arg>
<doc>Click the element identified by ``locator``.</doc>
<msg timestamp="20230502 20:23:53.176" level="INFO">Clicking element 'xpath=//*[@id="__next"]/div[1]/main/div[2]/form/div[3]/button[1]/span[1]'.</msg>
<status status="PASS" starttime="20230502 20:23:53.176" endtime="20230502 20:23:53.288"/>
</kw>
<status status="PASS" starttime="20230502 20:23:53.168" endtime="20230502 20:23:53.288"/>
</kw>
<kw name="Assert edit player page">
<kw name="Wait Until Element Is Visible" library="SeleniumLibrary">
<arg>${PROGRESS BAR TOASTER}</arg>
<doc>Waits until the element ``locator`` is visible.</doc>
<status status="PASS" starttime="20230502 20:23:53.288" endtime="20230502 20:23:53.836"/>
</kw>
<kw name="Element Should Contain" library="SeleniumLibrary">
<arg>${FORM TITLE}</arg>
<arg>Edit player</arg>
<doc>Verifies that element ``locator`` contains text ``expected``.</doc>
<msg timestamp="20230502 20:23:53.860" level="INFO">Element 'xpath=//form//*[contains(@class, 'h5')]' contains text 'Edit player'.</msg>
<status status="PASS" starttime="20230502 20:23:53.836" endtime="20230502 20:23:53.860"/>
</kw>
<kw name="Capture Page Screenshot" library="SeleniumLibrary">
<arg>alert_add-player.png</arg>
<doc>Takes a screenshot of the current page and embeds it into a log file.</doc>
<msg timestamp="20230502 20:23:54.014" level="INFO" html="true">&lt;/td&gt;&lt;/tr&gt;&lt;tr&gt;&lt;td colspan="3"&gt;&lt;a href="alert_add-player.png"&gt;&lt;img src="alert_add-player.png" width="800px"&gt;&lt;/a&gt;</msg>
<status status="PASS" starttime="20230502 20:23:53.860" endtime="20230502 20:23:54.014"/>
</kw>
<status status="PASS" starttime="20230502 20:23:53.288" endtime="20230502 20:23:54.014"/>
</kw>
<kw name="Close Browser" library="SeleniumLibrary" type="TEARDOWN">
<doc>Closes the current browser.</doc>
<status status="PASS" starttime="20230502 20:23:54.014" endtime="20230502 20:23:56.185"/>
</kw>
<status status="PASS" starttime="20230502 20:23:47.983" endtime="20230502 20:23:56.185"/>
</test>
<doc>Suite description #automated tests for scout website</doc>
<status status="PASS" starttime="20230502 20:23:47.707" endtime="20230502 20:23:56.185"/>
</suite>
<status status="PASS" starttime="20230502 20:23:47.684" endtime="20230502 20:23:56.185"/>
</suite>
<statistics>
<total>
<stat pass="1" fail="0" skip="0">All Tests</stat>
</total>
<tag>
</tag>
<suite>
<stat pass="1" fail="0" skip="0" id="s1" name="Panelscout Robotframework">Panelscout Robotframework</stat>
<stat pass="1" fail="0" skip="0" id="s1-s1" name="Test Login Rf">Panelscout Robotframework.Test Login Rf</stat>
</suite>
</statistics>
<errors>
</errors>
</robot>
